2022-11-11T07:59:29+00:00	bd54d767703b	{"container_name":"/busy_jemison","source":"stdout","log":"/docker-entrypoint.sh: /docker-entrypoint.d/ is not empty, will attempt to perform configuration","container_id":"bd54d767703bc0a284fee64e0e25daff52f86c80dedff5b62cf03a0b2011a187"}
2022-11-11T07:59:29+00:00	bd54d767703b	{"source":"stdout","log":"/docker-entrypoint.sh: Looking for shell scripts in /docker-entrypoint.d/","container_id":"bd54d767703bc0a284fee64e0e25daff52f86c80dedff5b62cf03a0b2011a187","container_name":"/busy_jemison"}
2022-11-11T07:59:29+00:00	bd54d767703b	{"log":"/docker-entrypoint.sh: Launching /docker-entrypoint.d/10-listen-on-ipv6-by-default.sh","container_id":"bd54d767703bc0a284fee64e0e25daff52f86c80dedff5b62cf03a0b2011a187","container_name":"/busy_jemison","source":"stdout"}
2022-11-11T07:59:29+00:00	bd54d767703b	{"container_id":"bd54d767703bc0a284fee64e0e25daff52f86c80dedff5b62cf03a0b2011a187","container_name":"/busy_jemison","source":"stdout","log":"10-listen-on-ipv6-by-default.sh: info: Getting the checksum of /etc/nginx/conf.d/default.conf"}
2022-11-11T07:59:29+00:00	bd54d767703b	{"source":"stdout","log":"10-listen-on-ipv6-by-default.sh: info: Enabled listen on IPv6 in /etc/nginx/conf.d/default.conf","container_id":"bd54d767703bc0a284fee64e0e25daff52f86c80dedff5b62cf03a0b2011a187","container_name":"/busy_jemison"}
2022-11-11T07:59:29+00:00	bd54d767703b	{"log":"/docker-entrypoint.sh: Launching /docker-entrypoint.d/20-envsubst-on-templates.sh","container_id":"bd54d767703bc0a284fee64e0e25daff52f86c80dedff5b62cf03a0b2011a187","container_name":"/busy_jemison","source":"stdout"}
2022-11-11T07:59:29+00:00	bd54d767703b	{"container_id":"bd54d767703bc0a284fee64e0e25daff52f86c80dedff5b62cf03a0b2011a187","container_name":"/busy_jemison","source":"stdout","log":"/docker-entrypoint.sh: Launching /docker-entrypoint.d/30-tune-worker-processes.sh"}
2022-11-11T07:59:29+00:00	bd54d767703b	{"container_id":"bd54d767703bc0a284fee64e0e25daff52f86c80dedff5b62cf03a0b2011a187","container_name":"/busy_jemison","source":"stdout","log":"/docker-entrypoint.sh: Configuration complete; ready for start up"}
2022-11-11T07:59:29+00:00	bd54d767703b	{"container_id":"bd54d767703bc0a284fee64e0e25daff52f86c80dedff5b62cf03a0b2011a187","container_name":"/busy_jemison","source":"stderr","log":"2022/11/11 07:59:29 [notice] 1#1: using the \"epoll\" event method"}
2022-11-11T07:59:29+00:00	bd54d767703b	{"log":"2022/11/11 07:59:29 [notice] 1#1: nginx/1.23.2","container_id":"bd54d767703bc0a284fee64e0e25daff52f86c80dedff5b62cf03a0b2011a187","container_name":"/busy_jemison","source":"stderr"}
2022-11-11T07:59:29+00:00	bd54d767703b	{"container_id":"bd54d767703bc0a284fee64e0e25daff52f86c80dedff5b62cf03a0b2011a187","container_name":"/busy_jemison","source":"stderr","log":"2022/11/11 07:59:29 [notice] 1#1: built by gcc 10.2.1 20210110 (Debian 10.2.1-6) "}
2022-11-11T07:59:29+00:00	bd54d767703b	{"container_id":"bd54d767703bc0a284fee64e0e25daff52f86c80dedff5b62cf03a0b2011a187","container_name":"/busy_jemison","source":"stderr","log":"2022/11/11 07:59:29 [notice] 1#1: OS: Linux 5.10.25-linuxkit"}
2022-11-11T07:59:29+00:00	bd54d767703b	{"container_id":"bd54d767703bc0a284fee64e0e25daff52f86c80dedff5b62cf03a0b2011a187","container_name":"/busy_jemison","source":"stderr","log":"2022/11/11 07:59:29 [notice] 1#1: getrlimit(RLIMIT_NOFILE): 1048576:1048576"}
2022-11-11T07:59:29+00:00	bd54d767703b	{"container_id":"bd54d767703bc0a284fee64e0e25daff52f86c80dedff5b62cf03a0b2011a187","container_name":"/busy_jemison","source":"stderr","log":"2022/11/11 07:59:29 [notice] 1#1: start worker processes"}
2022-11-11T07:59:29+00:00	bd54d767703b	{"container_id":"bd54d767703bc0a284fee64e0e25daff52f86c80dedff5b62cf03a0b2011a187","container_name":"/busy_jemison","source":"stderr","log":"2022/11/11 07:59:29 [notice] 1#1: start worker process 29"}
2022-11-11T07:59:29+00:00	bd54d767703b	{"container_id":"bd54d767703bc0a284fee64e0e25daff52f86c80dedff5b62cf03a0b2011a187","container_name":"/busy_jemison","source":"stderr","log":"2022/11/11 07:59:29 [notice] 1#1: start worker process 30"}
2022-11-11T07:59:29+00:00	bd54d767703b	{"container_id":"bd54d767703bc0a284fee64e0e25daff52f86c80dedff5b62cf03a0b2011a187","container_name":"/busy_jemison","source":"stderr","log":"2022/11/11 07:59:29 [notice] 1#1: start worker process 31"}
2022-11-11T07:59:29+00:00	bd54d767703b	{"source":"stderr","log":"2022/11/11 07:59:29 [notice] 1#1: start worker process 32","container_id":"bd54d767703bc0a284fee64e0e25daff52f86c80dedff5b62cf03a0b2011a187","container_name":"/busy_jemison"}
2022-11-11T07:59:29+00:00	bd54d767703b	{"log":"2022/11/11 07:59:29 [notice] 1#1: start worker process 33","container_id":"bd54d767703bc0a284fee64e0e25daff52f86c80dedff5b62cf03a0b2011a187","container_name":"/busy_jemison","source":"stderr"}
2022-11-11T07:59:29+00:00	bd54d767703b	{"log":"2022/11/11 07:59:29 [notice] 1#1: start worker process 34","container_id":"bd54d767703bc0a284fee64e0e25daff52f86c80dedff5b62cf03a0b2011a187","container_name":"/busy_jemison","source":"stderr"}
2022-11-11T07:59:29+00:00	bd54d767703b	{"source":"stderr","log":"2022/11/11 07:59:29 [notice] 1#1: start worker process 35","container_id":"bd54d767703bc0a284fee64e0e25daff52f86c80dedff5b62cf03a0b2011a187","container_name":"/busy_jemison"}
2022-11-11T07:59:29+00:00	bd54d767703b	{"container_id":"bd54d767703bc0a284fee64e0e25daff52f86c80dedff5b62cf03a0b2011a187","container_name":"/busy_jemison","source":"stderr","log":"2022/11/11 07:59:29 [notice] 1#1: start worker process 36"}
2022-11-11T07:59:37+00:00	bd54d767703b	{"container_id":"bd54d767703bc0a284fee64e0e25daff52f86c80dedff5b62cf03a0b2011a187","container_name":"/busy_jemison","source":"stderr","log":"2022/11/11 07:59:37 [notice] 1#1: signal 28 (SIGWINCH) received"}
2022-11-11T07:59:37+00:00	bd54d767703b	{"container_name":"/busy_jemison","source":"stderr","log":"2022/11/11 07:59:37 [notice] 1#1: signal 28 (SIGWINCH) received","container_id":"bd54d767703bc0a284fee64e0e25daff52f86c80dedff5b62cf03a0b2011a187"}
2022-11-11T08:17:49+00:00	bd54d767703b	{"source":"stderr","log":"2022/11/11 08:17:49 [notice] 1#1: signal 2 (SIGINT) received, exiting","container_id":"bd54d767703bc0a284fee64e0e25daff52f86c80dedff5b62cf03a0b2011a187","container_name":"/busy_jemison"}
2022-11-11T08:17:49+00:00	bd54d767703b	{"container_id":"bd54d767703bc0a284fee64e0e25daff52f86c80dedff5b62cf03a0b2011a187","container_name":"/busy_jemison","source":"stderr","log":"2022/11/11 08:17:49 [notice] 29#29: exiting"}
2022-11-11T08:17:49+00:00	bd54d767703b	{"container_name":"/busy_jemison","source":"stderr","log":"2022/11/11 08:17:49 [notice] 30#30: exiting","container_id":"bd54d767703bc0a284fee64e0e25daff52f86c80dedff5b62cf03a0b2011a187"}
2022-11-11T08:17:49+00:00	bd54d767703b	{"source":"stderr","log":"2022/11/11 08:17:49 [notice] 30#30: exit","container_id":"bd54d767703bc0a284fee64e0e25daff52f86c80dedff5b62cf03a0b2011a187","container_name":"/busy_jemison"}
2022-11-11T08:17:49+00:00	bd54d767703b	{"container_name":"/busy_jemison","source":"stderr","log":"2022/11/11 08:17:49 [notice] 33#33: exiting","container_id":"bd54d767703bc0a284fee64e0e25daff52f86c80dedff5b62cf03a0b2011a187"}
2022-11-11T08:17:49+00:00	bd54d767703b	{"container_name":"/busy_jemison","source":"stderr","log":"2022/11/11 08:17:49 [notice] 29#29: exit","container_id":"bd54d767703bc0a284fee64e0e25daff52f86c80dedff5b62cf03a0b2011a187"}
2022-11-11T08:17:49+00:00	bd54d767703b	{"source":"stderr","log":"2022/11/11 08:17:49 [notice] 36#36: exiting","container_id":"bd54d767703bc0a284fee64e0e25daff52f86c80dedff5b62cf03a0b2011a187","container_name":"/busy_jemison"}
2022-11-11T08:17:49+00:00	bd54d767703b	{"container_id":"bd54d767703bc0a284fee64e0e25daff52f86c80dedff5b62cf03a0b2011a187","container_name":"/busy_jemison","source":"stderr","log":"2022/11/11 08:17:49 [notice] 33#33: exit"}
2022-11-11T08:17:49+00:00	bd54d767703b	{"container_id":"bd54d767703bc0a284fee64e0e25daff52f86c80dedff5b62cf03a0b2011a187","container_name":"/busy_jemison","source":"stderr","log":"2022/11/11 08:17:49 [notice] 36#36: exit"}
2022-11-11T08:17:49+00:00	bd54d767703b	{"container_id":"bd54d767703bc0a284fee64e0e25daff52f86c80dedff5b62cf03a0b2011a187","container_name":"/busy_jemison","source":"stderr","log":"2022/11/11 08:17:49 [notice] 34#34: exiting"}
2022-11-11T08:17:49+00:00	bd54d767703b	{"log":"2022/11/11 08:17:49 [notice] 31#31: exiting","container_id":"bd54d767703bc0a284fee64e0e25daff52f86c80dedff5b62cf03a0b2011a187","container_name":"/busy_jemison","source":"stderr"}
2022-11-11T08:17:49+00:00	bd54d767703b	{"container_id":"bd54d767703bc0a284fee64e0e25daff52f86c80dedff5b62cf03a0b2011a187","container_name":"/busy_jemison","source":"stderr","log":"2022/11/11 08:17:49 [notice] 31#31: exit"}
2022-11-11T08:17:49+00:00	bd54d767703b	{"source":"stderr","log":"2022/11/11 08:17:49 [notice] 34#34: exit","container_id":"bd54d767703bc0a284fee64e0e25daff52f86c80dedff5b62cf03a0b2011a187","container_name":"/busy_jemison"}
2022-11-11T08:17:49+00:00	bd54d767703b	{"log":"2022/11/11 08:17:49 [notice] 32#32: exiting","container_id":"bd54d767703bc0a284fee64e0e25daff52f86c80dedff5b62cf03a0b2011a187","container_name":"/busy_jemison","source":"stderr"}
2022-11-11T08:17:49+00:00	bd54d767703b	{"container_id":"bd54d767703bc0a284fee64e0e25daff52f86c80dedff5b62cf03a0b2011a187","container_name":"/busy_jemison","source":"stderr","log":"2022/11/11 08:17:49 [notice] 32#32: exit"}
2022-11-11T08:17:49+00:00	bd54d767703b	{"container_id":"bd54d767703bc0a284fee64e0e25daff52f86c80dedff5b62cf03a0b2011a187","container_name":"/busy_jemison","source":"stderr","log":"2022/11/11 08:17:49 [notice] 35#35: exiting"}
2022-11-11T08:17:49+00:00	bd54d767703b	{"container_id":"bd54d767703bc0a284fee64e0e25daff52f86c80dedff5b62cf03a0b2011a187","container_name":"/busy_jemison","source":"stderr","log":"2022/11/11 08:17:49 [notice] 35#35: exit"}
2022-11-11T08:17:49+00:00	bd54d767703b	{"container_id":"bd54d767703bc0a284fee64e0e25daff52f86c80dedff5b62cf03a0b2011a187","container_name":"/busy_jemison","source":"stderr","log":"2022/11/11 08:17:49 [notice] 1#1: signal 17 (SIGCHLD) received from 30"}
2022-11-11T08:17:49+00:00	bd54d767703b	{"container_id":"bd54d767703bc0a284fee64e0e25daff52f86c80dedff5b62cf03a0b2011a187","container_name":"/busy_jemison","source":"stderr","log":"2022/11/11 08:17:49 [notice] 1#1: worker process 29 exited with code 0"}
2022-11-11T08:17:49+00:00	bd54d767703b	{"container_id":"bd54d767703bc0a284fee64e0e25daff52f86c80dedff5b62cf03a0b2011a187","container_name":"/busy_jemison","source":"stderr","log":"2022/11/11 08:17:49 [notice] 1#1: worker process 30 exited with code 0"}
2022-11-11T08:17:49+00:00	bd54d767703b	{"log":"2022/11/11 08:17:49 [notice] 1#1: worker process 33 exited with code 0","container_id":"bd54d767703bc0a284fee64e0e25daff52f86c80dedff5b62cf03a0b2011a187","container_name":"/busy_jemison","source":"stderr"}
2022-11-11T08:17:49+00:00	bd54d767703b	{"source":"stderr","log":"2022/11/11 08:17:49 [notice] 1#1: signal 29 (SIGIO) received","container_id":"bd54d767703bc0a284fee64e0e25daff52f86c80dedff5b62cf03a0b2011a187","container_name":"/busy_jemison"}
2022-11-11T08:17:49+00:00	bd54d767703b	{"container_id":"bd54d767703bc0a284fee64e0e25daff52f86c80dedff5b62cf03a0b2011a187","container_name":"/busy_jemison","source":"stderr","log":"2022/11/11 08:17:49 [notice] 1#1: signal 17 (SIGCHLD) received from 29"}
2022-11-11T08:17:49+00:00	bd54d767703b	{"source":"stderr","log":"2022/11/11 08:17:49 [notice] 1#1: signal 17 (SIGCHLD) received from 36","container_id":"bd54d767703bc0a284fee64e0e25daff52f86c80dedff5b62cf03a0b2011a187","container_name":"/busy_jemison"}
2022-11-11T08:17:49+00:00	bd54d767703b	{"container_name":"/busy_jemison","source":"stderr","log":"2022/11/11 08:17:49 [notice] 1#1: worker process 32 exited with code 0","container_id":"bd54d767703bc0a284fee64e0e25daff52f86c80dedff5b62cf03a0b2011a187"}
2022-11-11T08:17:49+00:00	bd54d767703b	{"container_id":"bd54d767703bc0a284fee64e0e25daff52f86c80dedff5b62cf03a0b2011a187","container_name":"/busy_jemison","source":"stderr","log":"2022/11/11 08:17:49 [notice] 1#1: worker process 35 exited with code 0"}
2022-11-11T08:17:49+00:00	bd54d767703b	{"container_name":"/busy_jemison","source":"stderr","log":"2022/11/11 08:17:49 [notice] 1#1: worker process 36 exited with code 0","container_id":"bd54d767703bc0a284fee64e0e25daff52f86c80dedff5b62cf03a0b2011a187"}
2022-11-11T08:17:49+00:00	bd54d767703b	{"container_id":"bd54d767703bc0a284fee64e0e25daff52f86c80dedff5b62cf03a0b2011a187","container_name":"/busy_jemison","source":"stderr","log":"2022/11/11 08:17:49 [notice] 1#1: signal 29 (SIGIO) received"}
2022-11-11T08:17:49+00:00	bd54d767703b	{"source":"stderr","log":"2022/11/11 08:17:49 [notice] 1#1: signal 17 (SIGCHLD) received from 31","container_id":"bd54d767703bc0a284fee64e0e25daff52f86c80dedff5b62cf03a0b2011a187","container_name":"/busy_jemison"}
2022-11-11T08:17:49+00:00	bd54d767703b	{"log":"2022/11/11 08:17:49 [notice] 1#1: worker process 31 exited with code 0","container_id":"bd54d767703bc0a284fee64e0e25daff52f86c80dedff5b62cf03a0b2011a187","container_name":"/busy_jemison","source":"stderr"}
2022-11-11T08:17:49+00:00	bd54d767703b	{"container_id":"bd54d767703bc0a284fee64e0e25daff52f86c80dedff5b62cf03a0b2011a187","container_name":"/busy_jemison","source":"stderr","log":"2022/11/11 08:17:49 [notice] 1#1: worker process 34 exited with code 0"}
2022-11-11T08:17:49+00:00	bd54d767703b	{"container_id":"bd54d767703bc0a284fee64e0e25daff52f86c80dedff5b62cf03a0b2011a187","container_name":"/busy_jemison","source":"stderr","log":"2022/11/11 08:17:49 [notice] 1#1: exit"}
